<?xml version="1.0" encoding="UTF-8"?>
<testng-results skipped="0" failed="0" ignored="0" total="1" passed="1">
  <reporter-output>
  </reporter-output>
  <suite name="Default suite" duration-ms="25289" started-at="2020-12-02T14:33:42Z" finished-at="2020-12-02T14:34:07Z">
    <groups>
    </groups>
    <test name="Default test" duration-ms="25289" started-at="2020-12-02T14:33:42Z" finished-at="2020-12-02T14:34:07Z">
      <class name="Test.RegisterTest">
        <test-method status="PASS" signature="beforeClass()[pri:0, instance:Test.RegisterTest@7cd62f43]" name="beforeClass" is-config="true" duration-ms="16730" started-at="2020-12-02T14:33:42Z" finished-at="2020-12-02T14:33:59Z">
          <reporter-output>
          </reporter-output>
        </test-method> <!-- beforeClass -->
        <test-method status="PASS" signature="f(java.lang.String, java.lang.String, java.lang.String, java.lang.String, java.lang.String, java.lang.String, java.lang.String, java.lang.String, java.lang.String)[pri:0, instance:Test.RegisterTest@7cd62f43]" name="f" duration-ms="7513" started-at="2020-12-02T14:34:00Z" data-provider="dp" finished-at="2020-12-02T14:34:07Z">
          <params>
            <param index="0">
              <value>
                <![CDATA[Ann]]>
              </value>
            </param>
            <param index="1">
              <value>
                <![CDATA[Ann123]]>
              </value>
            </param>
            <param index="2">
              <value>
                <![CDATA[12345]]>
              </value>
            </param>
            <param index="3">
              <value>
                <![CDATA[ann123@gmail.com]]>
              </value>
            </param>
            <param index="4">
              <value>
                <![CDATA[Chalakudy]]>
              </value>
            </param>
            <param index="5">
              <value>
                <![CDATA[Thrissur]]>
              </value>
            </param>
            <param index="6">
              <value>
                <![CDATA[Kerala]]>
              </value>
            </param>
            <param index="7">
              <value>
                <![CDATA[401501]]>
              </value>
            </param>
            <param index="8">
              <value>
                <![CDATA[Pass1223]]>
              </value>
            </param>
          </params>
          <reporter-output>
          </reporter-output>
        </test-method> <!-- f -->
        <test-method status="PASS" signature="afterClass()[pri:0, instance:Test.RegisterTest@7cd62f43]" name="afterClass" is-config="true" duration-ms="1" started-at="2020-12-02T14:34:07Z" finished-at="2020-12-02T14:34:07Z">
          <reporter-output>
          </reporter-output>
        </test-method> <!-- afterClass -->
      </class> <!-- Test.RegisterTest -->
    </test> <!-- Default test -->
  </suite> <!-- Default suite -->
</testng-results>
